C:\4TH SEM\OOP\LABS\FINAL_EXAMS_PRACTICE_1\FINAL_EXAMS_PRACTICE_1\DEBUG\VC110.PDB
C:\4TH SEM\OOP\LABS\FINAL_EXAMS_PRACTICE_1\FINAL_EXAMS_PRACTICE_1\DEBUG\SOURCE.OBJ
C:\4TH SEM\OOP\LABS\FINAL_EXAMS_PRACTICE_1\DEBUG\FINAL_EXAMS_PRACTICE_1.ILK
C:\4TH SEM\OOP\LABS\FINAL_EXAMS_PRACTICE_1\DEBUG\FINAL_EXAMS_PRACTICE_1.EXE
C:\4TH SEM\OOP\LABS\FINAL_EXAMS_PRACTICE_1\DEBUG\FINAL_EXAMS_PRACTICE_1.PDB
C:\4th Sem\OOP\Labs\Final_Exams_Practice_1\Final_Exams_Practice_1\Debug\Source.obj
C:\4th Sem\OOP\Labs\Final_Exams_Practice_1\Final_Exams_Practice_1\Debug\cl.command.1.tlog
C:\4th Sem\OOP\Labs\Final_Exams_Practice_1\Final_Exams_Practice_1\Debug\CL.read.1.tlog
C:\4th Sem\OOP\Labs\Final_Exams_Practice_1\Final_Exams_Practice_1\Debug\CL.write.1.tlog
C:\4th Sem\OOP\Labs\Final_Exams_Practice_1\Final_Exams_Practice_1\Debug\link-cvtres.read.1.tlog
C:\4th Sem\OOP\Labs\Final_Exams_Practice_1\Final_Exams_Practice_1\Debug\link-cvtres.write.1.tlog
C:\4th Sem\OOP\Labs\Final_Exams_Practice_1\Final_Exams_Practice_1\Debug\link-rc.read.1.tlog
C:\4th Sem\OOP\Labs\Final_Exams_Practice_1\Final_Exams_Practice_1\Debug\link-rc.write.1.tlog
C:\4th Sem\OOP\Labs\Final_Exams_Practice_1\Final_Exams_Practice_1\Debug\link.1764-cvtres.read.1.tlog
C:\4th Sem\OOP\Labs\Final_Exams_Practice_1\Final_Exams_Practice_1\Debug\link.1764-cvtres.write.1.tlog
C:\4th Sem\OOP\Labs\Final_Exams_Practice_1\Final_Exams_Practice_1\Debug\link.1764-rc.read.1.tlog
C:\4th Sem\OOP\Labs\Final_Exams_Practice_1\Final_Exams_Practice_1\Debug\link.1764-rc.write.1.tlog
C:\4th Sem\OOP\Labs\Final_Exams_Practice_1\Final_Exams_Practice_1\Debug\link.1764.read.1.tlog
C:\4th Sem\OOP\Labs\Final_Exams_Practice_1\Final_Exams_Practice_1\Debug\link.1764.write.1.tlog
C:\4th Sem\OOP\Labs\Final_Exams_Practice_1\Final_Exams_Practice_1\Debug\link.2072-cvtres.read.1.tlog
C:\4th Sem\OOP\Labs\Final_Exams_Practice_1\Final_Exams_Practice_1\Debug\link.2072-cvtres.write.1.tlog
C:\4th Sem\OOP\Labs\Final_Exams_Practice_1\Final_Exams_Practice_1\Debug\link.2072-rc.read.1.tlog
C:\4th Sem\OOP\Labs\Final_Exams_Practice_1\Final_Exams_Practice_1\Debug\link.2072-rc.write.1.tlog
C:\4th Sem\OOP\Labs\Final_Exams_Practice_1\Final_Exams_Practice_1\Debug\link.2072.read.1.tlog
C:\4th Sem\OOP\Labs\Final_Exams_Practice_1\Final_Exams_Practice_1\Debug\link.2072.write.1.tlog
C:\4th Sem\OOP\Labs\Final_Exams_Practice_1\Final_Exams_Practice_1\Debug\link.2356-cvtres.read.1.tlog
C:\4th Sem\OOP\Labs\Final_Exams_Practice_1\Final_Exams_Practice_1\Debug\link.2356-cvtres.write.1.tlog
C:\4th Sem\OOP\Labs\Final_Exams_Practice_1\Final_Exams_Practice_1\Debug\link.2356-rc.read.1.tlog
C:\4th Sem\OOP\Labs\Final_Exams_Practice_1\Final_Exams_Practice_1\Debug\link.2356-rc.write.1.tlog
C:\4th Sem\OOP\Labs\Final_Exams_Practice_1\Final_Exams_Practice_1\Debug\link.2356.read.1.tlog
C:\4th Sem\OOP\Labs\Final_Exams_Practice_1\Final_Exams_Practice_1\Debug\link.2356.write.1.tlog
C:\4th Sem\OOP\Labs\Final_Exams_Practice_1\Final_Exams_Practice_1\Debug\link.3404-cvtres.read.1.tlog
C:\4th Sem\OOP\Labs\Final_Exams_Practice_1\Final_Exams_Practice_1\Debug\link.3404-cvtres.write.1.tlog
C:\4th Sem\OOP\Labs\Final_Exams_Practice_1\Final_Exams_Practice_1\Debug\link.3404-rc.read.1.tlog
C:\4th Sem\OOP\Labs\Final_Exams_Practice_1\Final_Exams_Practice_1\Debug\link.3404-rc.write.1.tlog
C:\4th Sem\OOP\Labs\Final_Exams_Practice_1\Final_Exams_Practice_1\Debug\link.3404.read.1.tlog
C:\4th Sem\OOP\Labs\Final_Exams_Practice_1\Final_Exams_Practice_1\Debug\link.3404.write.1.tlog
C:\4th Sem\OOP\Labs\Final_Exams_Practice_1\Final_Exams_Practice_1\Debug\link.4160-cvtres.read.1.tlog
C:\4th Sem\OOP\Labs\Final_Exams_Practice_1\Final_Exams_Practice_1\Debug\link.4160-cvtres.write.1.tlog
C:\4th Sem\OOP\Labs\Final_Exams_Practice_1\Final_Exams_Practice_1\Debug\link.4160-rc.read.1.tlog
C:\4th Sem\OOP\Labs\Final_Exams_Practice_1\Final_Exams_Practice_1\Debug\link.4160-rc.write.1.tlog
C:\4th Sem\OOP\Labs\Final_Exams_Practice_1\Final_Exams_Practice_1\Debug\link.4160.read.1.tlog
C:\4th Sem\OOP\Labs\Final_Exams_Practice_1\Final_Exams_Practice_1\Debug\link.4160.write.1.tlog
C:\4th Sem\OOP\Labs\Final_Exams_Practice_1\Final_Exams_Practice_1\Debug\link.4388-cvtres.read.1.tlog
C:\4th Sem\OOP\Labs\Final_Exams_Practice_1\Final_Exams_Practice_1\Debug\link.4388-cvtres.write.1.tlog
C:\4th Sem\OOP\Labs\Final_Exams_Practice_1\Final_Exams_Practice_1\Debug\link.4388-rc.read.1.tlog
C:\4th Sem\OOP\Labs\Final_Exams_Practice_1\Final_Exams_Practice_1\Debug\link.4388-rc.write.1.tlog
C:\4th Sem\OOP\Labs\Final_Exams_Practice_1\Final_Exams_Practice_1\Debug\link.4388.read.1.tlog
C:\4th Sem\OOP\Labs\Final_Exams_Practice_1\Final_Exams_Practice_1\Debug\link.4388.write.1.tlog
C:\4th Sem\OOP\Labs\Final_Exams_Practice_1\Final_Exams_Practice_1\Debug\link.4728-cvtres.read.1.tlog
C:\4th Sem\OOP\Labs\Final_Exams_Practice_1\Final_Exams_Practice_1\Debug\link.4728-cvtres.write.1.tlog
C:\4th Sem\OOP\Labs\Final_Exams_Practice_1\Final_Exams_Practice_1\Debug\link.4728-rc.read.1.tlog
C:\4th Sem\OOP\Labs\Final_Exams_Practice_1\Final_Exams_Practice_1\Debug\link.4728-rc.write.1.tlog
C:\4th Sem\OOP\Labs\Final_Exams_Practice_1\Final_Exams_Practice_1\Debug\link.4728.read.1.tlog
C:\4th Sem\OOP\Labs\Final_Exams_Practice_1\Final_Exams_Practice_1\Debug\link.4728.write.1.tlog
C:\4th Sem\OOP\Labs\Final_Exams_Practice_1\Final_Exams_Practice_1\Debug\link.5068-cvtres.read.1.tlog
C:\4th Sem\OOP\Labs\Final_Exams_Practice_1\Final_Exams_Practice_1\Debug\link.5068-cvtres.write.1.tlog
C:\4th Sem\OOP\Labs\Final_Exams_Practice_1\Final_Exams_Practice_1\Debug\link.5068-rc.read.1.tlog
C:\4th Sem\OOP\Labs\Final_Exams_Practice_1\Final_Exams_Practice_1\Debug\link.5068-rc.write.1.tlog
C:\4th Sem\OOP\Labs\Final_Exams_Practice_1\Final_Exams_Practice_1\Debug\link.5068.read.1.tlog
C:\4th Sem\OOP\Labs\Final_Exams_Practice_1\Final_Exams_Practice_1\Debug\link.5068.write.1.tlog
C:\4th Sem\OOP\Labs\Final_Exams_Practice_1\Final_Exams_Practice_1\Debug\link.5892-cvtres.read.1.tlog
C:\4th Sem\OOP\Labs\Final_Exams_Practice_1\Final_Exams_Practice_1\Debug\link.5892-cvtres.write.1.tlog
C:\4th Sem\OOP\Labs\Final_Exams_Practice_1\Final_Exams_Practice_1\Debug\link.5892-rc.read.1.tlog
C:\4th Sem\OOP\Labs\Final_Exams_Practice_1\Final_Exams_Practice_1\Debug\link.5892-rc.write.1.tlog
C:\4th Sem\OOP\Labs\Final_Exams_Practice_1\Final_Exams_Practice_1\Debug\link.5892.read.1.tlog
C:\4th Sem\OOP\Labs\Final_Exams_Practice_1\Final_Exams_Practice_1\Debug\link.5892.write.1.tlog
C:\4th Sem\OOP\Labs\Final_Exams_Practice_1\Final_Exams_Practice_1\Debug\link.5992-cvtres.read.1.tlog
C:\4th Sem\OOP\Labs\Final_Exams_Practice_1\Final_Exams_Practice_1\Debug\link.5992-cvtres.write.1.tlog
C:\4th Sem\OOP\Labs\Final_Exams_Practice_1\Final_Exams_Practice_1\Debug\link.5992-rc.read.1.tlog
C:\4th Sem\OOP\Labs\Final_Exams_Practice_1\Final_Exams_Practice_1\Debug\link.5992-rc.write.1.tlog
C:\4th Sem\OOP\Labs\Final_Exams_Practice_1\Final_Exams_Practice_1\Debug\link.5992.read.1.tlog
C:\4th Sem\OOP\Labs\Final_Exams_Practice_1\Final_Exams_Practice_1\Debug\link.5992.write.1.tlog
C:\4th Sem\OOP\Labs\Final_Exams_Practice_1\Final_Exams_Practice_1\Debug\link.6084-cvtres.read.1.tlog
C:\4th Sem\OOP\Labs\Final_Exams_Practice_1\Final_Exams_Practice_1\Debug\link.6084-cvtres.write.1.tlog
C:\4th Sem\OOP\Labs\Final_Exams_Practice_1\Final_Exams_Practice_1\Debug\link.6084-rc.read.1.tlog
C:\4th Sem\OOP\Labs\Final_Exams_Practice_1\Final_Exams_Practice_1\Debug\link.6084-rc.write.1.tlog
C:\4th Sem\OOP\Labs\Final_Exams_Practice_1\Final_Exams_Practice_1\Debug\link.6084.read.1.tlog
C:\4th Sem\OOP\Labs\Final_Exams_Practice_1\Final_Exams_Practice_1\Debug\link.6084.write.1.tlog
C:\4th Sem\OOP\Labs\Final_Exams_Practice_1\Final_Exams_Practice_1\Debug\link.6444-cvtres.read.1.tlog
C:\4th Sem\OOP\Labs\Final_Exams_Practice_1\Final_Exams_Practice_1\Debug\link.6444-cvtres.write.1.tlog
C:\4th Sem\OOP\Labs\Final_Exams_Practice_1\Final_Exams_Practice_1\Debug\link.6444-rc.read.1.tlog
C:\4th Sem\OOP\Labs\Final_Exams_Practice_1\Final_Exams_Practice_1\Debug\link.6444-rc.write.1.tlog
C:\4th Sem\OOP\Labs\Final_Exams_Practice_1\Final_Exams_Practice_1\Debug\link.6444.read.1.tlog
C:\4th Sem\OOP\Labs\Final_Exams_Practice_1\Final_Exams_Practice_1\Debug\link.6444.write.1.tlog
C:\4th Sem\OOP\Labs\Final_Exams_Practice_1\Final_Exams_Practice_1\Debug\link.6696-cvtres.read.1.tlog
C:\4th Sem\OOP\Labs\Final_Exams_Practice_1\Final_Exams_Practice_1\Debug\link.6696-cvtres.write.1.tlog
C:\4th Sem\OOP\Labs\Final_Exams_Practice_1\Final_Exams_Practice_1\Debug\link.6696-rc.read.1.tlog
C:\4th Sem\OOP\Labs\Final_Exams_Practice_1\Final_Exams_Practice_1\Debug\link.6696-rc.write.1.tlog
C:\4th Sem\OOP\Labs\Final_Exams_Practice_1\Final_Exams_Practice_1\Debug\link.6696.read.1.tlog
C:\4th Sem\OOP\Labs\Final_Exams_Practice_1\Final_Exams_Practice_1\Debug\link.6696.write.1.tlog
C:\4th Sem\OOP\Labs\Final_Exams_Practice_1\Final_Exams_Practice_1\Debug\link.6780-cvtres.read.1.tlog
C:\4th Sem\OOP\Labs\Final_Exams_Practice_1\Final_Exams_Practice_1\Debug\link.6780-cvtres.write.1.tlog
C:\4th Sem\OOP\Labs\Final_Exams_Practice_1\Final_Exams_Practice_1\Debug\link.6780-rc.read.1.tlog
C:\4th Sem\OOP\Labs\Final_Exams_Practice_1\Final_Exams_Practice_1\Debug\link.6780-rc.write.1.tlog
C:\4th Sem\OOP\Labs\Final_Exams_Practice_1\Final_Exams_Practice_1\Debug\link.6780.read.1.tlog
C:\4th Sem\OOP\Labs\Final_Exams_Practice_1\Final_Exams_Practice_1\Debug\link.6780.write.1.tlog
C:\4th Sem\OOP\Labs\Final_Exams_Practice_1\Final_Exams_Practice_1\Debug\link.7148-cvtres.read.1.tlog
C:\4th Sem\OOP\Labs\Final_Exams_Practice_1\Final_Exams_Practice_1\Debug\link.7148-cvtres.write.1.tlog
C:\4th Sem\OOP\Labs\Final_Exams_Practice_1\Final_Exams_Practice_1\Debug\link.7148-rc.read.1.tlog
C:\4th Sem\OOP\Labs\Final_Exams_Practice_1\Final_Exams_Practice_1\Debug\link.7148-rc.write.1.tlog
C:\4th Sem\OOP\Labs\Final_Exams_Practice_1\Final_Exams_Practice_1\Debug\link.7148.read.1.tlog
C:\4th Sem\OOP\Labs\Final_Exams_Practice_1\Final_Exams_Practice_1\Debug\link.7148.write.1.tlog
C:\4th Sem\OOP\Labs\Final_Exams_Practice_1\Final_Exams_Practice_1\Debug\link.command.1.tlog
C:\4th Sem\OOP\Labs\Final_Exams_Practice_1\Final_Exams_Practice_1\Debug\link.read.1.tlog
C:\4th Sem\OOP\Labs\Final_Exams_Practice_1\Final_Exams_Practice_1\Debug\link.write.1.tlog
C:\4th Sem\OOP\Labs\Final_Exams_Practice_1\Final_Exams_Practice_1\Debug\vc110.idb
C:\4th Sem\OOP\Labs\Final_Exams_Practice_1\Final_Exams_Practice_1\Debug\vc110.pdb
C:\4th Sem\OOP\Labs\Final_Exams_Practice_1\Debug\Final_Exams_Practice_1.pdb
C:\4th Sem\OOP\Labs\Final_Exams_Practice_1\Debug\Final_Exams_Practice_1.exe
C:\4th Sem\OOP\Labs\Final_Exams_Practice_1\Debug\Final_Exams_Practice_1.ilk
